INFO  time: initialize in 1.02s
WARN  no build tool detected in workspace '/home/adrian/Documentos/DatosMasivos/Unidad2/Evaluacion'. The most common cause for this problem is that the editor was opened in the wrong working directory, for example if you use sbt then the workspace directory should contain build.sbt. 
WARN  no build target: /home/adrian/Documentos/DatosMasivos/Unidad2/Evaluacion/examen.scala
INFO  no build target: using presentation compiler with only scala-library
WARN  no build target: /home/adrian/Documentos/DatosMasivos/Unidad2/Evaluacion/examen.scala
WARN  no build target: /home/adrian/Documentos/DatosMasivos/Unidad2/Evaluacion/examen.scala
WARN  no build target: /home/adrian/Documentos/DatosMasivos/Unidad2/Evaluacion/examen.scala
WARN  no build target: /home/adrian/Documentos/DatosMasivos/Unidad2/Evaluacion/examen.scala
WARN  no build target: /home/adrian/Documentos/DatosMasivos/Unidad2/Evaluacion/examen.scala
WARN  no build target: /home/adrian/Documentos/DatosMasivos/Unidad2/Evaluacion/examen.scala
WARN  no build target: /home/adrian/Documentos/DatosMasivos/Unidad2/Evaluacion/examen.scala
WARN  no build target: /home/adrian/Documentos/DatosMasivos/Unidad2/Evaluacion/examen.scala
WARN  no build target: /home/adrian/Documentos/DatosMasivos/Unidad2/Evaluacion/examen.scala
WARN  no build target: /home/adrian/Documentos/DatosMasivos/Unidad2/Evaluacion/examen.scala
WARN  no build target: /home/adrian/Documentos/DatosMasivos/Unidad2/Evaluacion/examen.scala
WARN  no build target: /home/adrian/Documentos/DatosMasivos/Unidad2/Evaluacion/examen.scala
WARN  no build target: /home/adrian/Documentos/DatosMasivos/Unidad2/Evaluacion/examen.scala
WARN  no build tool detected in workspace '/home/adrian/Documentos/DatosMasivos/Unidad2/Evaluacion'. The most common cause for this problem is that the editor was opened in the wrong working directory, for example if you use sbt then the workspace directory should contain build.sbt. 
WARN  no build tool detected in workspace '/home/adrian/Documentos/DatosMasivos/Unidad2/Evaluacion'. The most common cause for this problem is that the editor was opened in the wrong working directory, for example if you use sbt then the workspace directory should contain build.sbt. 
WARN  no build target: /home/adrian/Documentos/DatosMasivos/Unidad2/Evaluacion/examen.scala
WARN  no build target: /home/adrian/Documentos/DatosMasivos/Unidad2/Evaluacion/examen.scala
WARN  no build target: /home/adrian/Documentos/DatosMasivos/Unidad2/Evaluacion/examen.scala
WARN  no build tool detected in workspace '/home/adrian/Documentos/DatosMasivos/Unidad2/Evaluacion'. The most common cause for this problem is that the editor was opened in the wrong working directory, for example if you use sbt then the workspace directory should contain build.sbt. 
WARN  no build tool detected in workspace '/home/adrian/Documentos/DatosMasivos/Unidad2/Evaluacion'. The most common cause for this problem is that the editor was opened in the wrong working directory, for example if you use sbt then the workspace directory should contain build.sbt. 
WARN  no build target: /home/adrian/Documentos/DatosMasivos/Unidad2/Evaluacion/examen.scala
WARN  no build target: /home/adrian/Documentos/DatosMasivos/Unidad2/Evaluacion/examen.scala
WARN  no build target: /home/adrian/Documentos/DatosMasivos/Unidad2/Evaluacion/examen.scala
WARN  no build target: /home/adrian/Documentos/DatosMasivos/Unidad2/Evaluacion/examen.scala
WARN  no build target: /home/adrian/Documentos/DatosMasivos/Unidad2/Evaluacion/examen.scala
WARN  no build target: /home/adrian/Documentos/DatosMasivos/Unidad2/Evaluacion/examen.scala
WARN  no build target: /home/adrian/Documentos/DatosMasivos/Unidad2/Evaluacion/examen.scala
WARN  no build target: /home/adrian/Documentos/DatosMasivos/Unidad2/Evaluacion/examen.scala
WARN  no build target: /home/adrian/Documentos/DatosMasivos/Unidad2/Evaluacion/examen.scala
WARN  no build target: /home/adrian/Documentos/DatosMasivos/Unidad2/Evaluacion/examen.scala
WARN  no build target: /home/adrian/Documentos/DatosMasivos/Unidad2/Evaluacion/examen.scala
WARN  no build target: /home/adrian/Documentos/DatosMasivos/Unidad2/Evaluacion/examen.scala
WARN  no build target: /home/adrian/Documentos/DatosMasivos/Unidad2/Evaluacion/examen.scala
WARN  no build target: /home/adrian/Documentos/DatosMasivos/Unidad2/Evaluacion/examen.scala
WARN  no build target: /home/adrian/Documentos/DatosMasivos/Unidad2/Evaluacion/examen.scala
WARN  no build target: /home/adrian/Documentos/DatosMasivos/Unidad2/Evaluacion/examen.scala
WARN  no build target: /home/adrian/Documentos/DatosMasivos/Unidad2/Evaluacion/examen.scala
WARN  no build target: /home/adrian/Documentos/DatosMasivos/Unidad2/Evaluacion/examen.scala
WARN  no build target: /home/adrian/Documentos/DatosMasivos/Unidad2/Evaluacion/examen.scala
WARN  no build target: /home/adrian/Documentos/DatosMasivos/Unidad2/Evaluacion/examen.scala
WARN  no build target: /home/adrian/Documentos/DatosMasivos/Unidad2/Evaluacion/examen.scala
WARN  no build target: /home/adrian/Documentos/DatosMasivos/Unidad2/Evaluacion/examen.scala
WARN  no build target: /home/adrian/Documentos/DatosMasivos/Unidad2/Evaluacion/examen.scala
WARN  no build target: /home/adrian/Documentos/DatosMasivos/Unidad2/Evaluacion/examen.scala
WARN  no build target: /home/adrian/Documentos/DatosMasivos/Unidad2/Evaluacion/examen.scala
WARN  no build target: /home/adrian/Documentos/DatosMasivos/Unidad2/Evaluacion/examen.scala
WARN  no build tool detected in workspace '/home/adrian/Documentos/DatosMasivos/Unidad2/Evaluacion'. The most common cause for this problem is that the editor was opened in the wrong working directory, for example if you use sbt then the workspace directory should contain build.sbt. 
WARN  no build tool detected in workspace '/home/adrian/Documentos/DatosMasivos/Unidad2/Evaluacion'. The most common cause for this problem is that the editor was opened in the wrong working directory, for example if you use sbt then the workspace directory should contain build.sbt. 
WARN  no build target: /home/adrian/Documentos/DatosMasivos/Unidad2/Evaluacion/examen.scala
WARN  no build target: /home/adrian/Documentos/DatosMasivos/Unidad2/Evaluacion/examen.scala
WARN  no build tool detected in workspace '/home/adrian/Documentos/DatosMasivos/Unidad2/Evaluacion'. The most common cause for this problem is that the editor was opened in the wrong working directory, for example if you use sbt then the workspace directory should contain build.sbt. 
WARN  no build tool detected in workspace '/home/adrian/Documentos/DatosMasivos/Unidad2/Evaluacion'. The most common cause for this problem is that the editor was opened in the wrong working directory, for example if you use sbt then the workspace directory should contain build.sbt. 
WARN  no build target: /home/adrian/Documentos/DatosMasivos/Unidad2/Evaluacion/examen.scala
WARN  no build target: /home/adrian/Documentos/DatosMasivos/Unidad2/Evaluacion/examen.scala
WARN  no build target: /home/adrian/Documentos/DatosMasivos/Unidad2/Evaluacion/examen.scala
WARN  no build target: /home/adrian/Documentos/DatosMasivos/Unidad2/Evaluacion/examen.scala
WARN  no build target: /home/adrian/Documentos/DatosMasivos/Unidad2/Evaluacion/examen.scala
WARN  no build target: /home/adrian/Documentos/DatosMasivos/Unidad2/Evaluacion/examen.scala
WARN  no build target: /home/adrian/Documentos/DatosMasivos/Unidad2/Evaluacion/examen.scala
WARN  no build tool detected in workspace '/home/adrian/Documentos/DatosMasivos/Unidad2/Evaluacion'. The most common cause for this problem is that the editor was opened in the wrong working directory, for example if you use sbt then the workspace directory should contain build.sbt. 
WARN  no build tool detected in workspace '/home/adrian/Documentos/DatosMasivos/Unidad2/Evaluacion'. The most common cause for this problem is that the editor was opened in the wrong working directory, for example if you use sbt then the workspace directory should contain build.sbt. 
WARN  no build target: /home/adrian/Documentos/DatosMasivos/Unidad2/Evaluacion/examen.scala
WARN  no build target: /home/adrian/Documentos/DatosMasivos/Unidad2/Evaluacion/examen.scala
WARN  no build target: /home/adrian/Documentos/DatosMasivos/Unidad2/Evaluacion/examen.scala
WARN  no build tool detected in workspace '/home/adrian/Documentos/DatosMasivos/Unidad2/Evaluacion'. The most common cause for this problem is that the editor was opened in the wrong working directory, for example if you use sbt then the workspace directory should contain build.sbt. 
WARN  no build tool detected in workspace '/home/adrian/Documentos/DatosMasivos/Unidad2/Evaluacion'. The most common cause for this problem is that the editor was opened in the wrong working directory, for example if you use sbt then the workspace directory should contain build.sbt. 
WARN  no build tool detected in workspace '/home/adrian/Documentos/DatosMasivos/Unidad2/Evaluacion'. The most common cause for this problem is that the editor was opened in the wrong working directory, for example if you use sbt then the workspace directory should contain build.sbt. 
WARN  no build tool detected in workspace '/home/adrian/Documentos/DatosMasivos/Unidad2/Evaluacion'. The most common cause for this problem is that the editor was opened in the wrong working directory, for example if you use sbt then the workspace directory should contain build.sbt. 
WARN  no build tool detected in workspace '/home/adrian/Documentos/DatosMasivos/Unidad2/Evaluacion'. The most common cause for this problem is that the editor was opened in the wrong working directory, for example if you use sbt then the workspace directory should contain build.sbt. 
WARN  no build tool detected in workspace '/home/adrian/Documentos/DatosMasivos/Unidad2/Evaluacion'. The most common cause for this problem is that the editor was opened in the wrong working directory, for example if you use sbt then the workspace directory should contain build.sbt. 
WARN  no build tool detected in workspace '/home/adrian/Documentos/DatosMasivos/Unidad2/Evaluacion'. The most common cause for this problem is that the editor was opened in the wrong working directory, for example if you use sbt then the workspace directory should contain build.sbt. 
WARN  no build tool detected in workspace '/home/adrian/Documentos/DatosMasivos/Unidad2/Evaluacion'. The most common cause for this problem is that the editor was opened in the wrong working directory, for example if you use sbt then the workspace directory should contain build.sbt. 
WARN  no build target: /home/adrian/Documentos/DatosMasivos/Unidad2/Evaluacion/examen.scala
WARN  no build target: /home/adrian/Documentos/DatosMasivos/Unidad2/Evaluacion/examen.scala
WARN  no build target: /home/adrian/Documentos/DatosMasivos/Unidad2/Evaluacion/examen.scala
WARN  no build target: /home/adrian/Documentos/DatosMasivos/Unidad2/Evaluacion/examen.scala
WARN  no build target: /home/adrian/Documentos/DatosMasivos/Unidad2/Evaluacion/examen.scala
WARN  no build tool detected in workspace '/home/adrian/Documentos/DatosMasivos/Unidad2/Evaluacion'. The most common cause for this problem is that the editor was opened in the wrong working directory, for example if you use sbt then the workspace directory should contain build.sbt. 
WARN  no build tool detected in workspace '/home/adrian/Documentos/DatosMasivos/Unidad2/Evaluacion'. The most common cause for this problem is that the editor was opened in the wrong working directory, for example if you use sbt then the workspace directory should contain build.sbt. 
WARN  no build target: /home/adrian/Documentos/DatosMasivos/Unidad2/Evaluacion/examen.scala
WARN  no build target: /home/adrian/Documentos/DatosMasivos/Unidad2/Evaluacion/examen.scala
WARN  no build target: /home/adrian/Documentos/DatosMasivos/Unidad2/Evaluacion/examen.scala
WARN  no build tool detected in workspace '/home/adrian/Documentos/DatosMasivos/Unidad2/Evaluacion'. The most common cause for this problem is that the editor was opened in the wrong working directory, for example if you use sbt then the workspace directory should contain build.sbt. 
WARN  no build tool detected in workspace '/home/adrian/Documentos/DatosMasivos/Unidad2/Evaluacion'. The most common cause for this problem is that the editor was opened in the wrong working directory, for example if you use sbt then the workspace directory should contain build.sbt. 
WARN  no build target: /home/adrian/Documentos/DatosMasivos/Unidad2/Evaluacion/examen.scala
WARN  no build target: /home/adrian/Documentos/DatosMasivos/Unidad2/Evaluacion/examen.scala
WARN  no build target: /home/adrian/Documentos/DatosMasivos/Unidad2/Evaluacion/examen.scala
WARN  no build target: /home/adrian/Documentos/DatosMasivos/Unidad2/Evaluacion/examen.scala
WARN  no build target: /home/adrian/Documentos/DatosMasivos/Unidad2/Evaluacion/examen.scala
WARN  no build target: /home/adrian/Documentos/DatosMasivos/Unidad2/Evaluacion/examen.scala
WARN  no build target: /home/adrian/Documentos/DatosMasivos/Unidad2/Evaluacion/examen.scala
WARN  no build target: /home/adrian/Documentos/DatosMasivos/Unidad2/Evaluacion/examen.scala
WARN  no build target: /home/adrian/Documentos/DatosMasivos/Unidad2/Evaluacion/examen.scala
WARN  no build tool detected in workspace '/home/adrian/Documentos/DatosMasivos/Unidad2/Evaluacion'. The most common cause for this problem is that the editor was opened in the wrong working directory, for example if you use sbt then the workspace directory should contain build.sbt. 
WARN  no build tool detected in workspace '/home/adrian/Documentos/DatosMasivos/Unidad2/Evaluacion'. The most common cause for this problem is that the editor was opened in the wrong working directory, for example if you use sbt then the workspace directory should contain build.sbt. 
WARN  no build target: /home/adrian/Documentos/DatosMasivos/Unidad2/Evaluacion/examen.scala
WARN  no build target: /home/adrian/Documentos/DatosMasivos/Unidad2/Evaluacion/examen.scala
WARN  no build target: /home/adrian/Documentos/DatosMasivos/Unidad2/Evaluacion/examen.scala
WARN  no build target: /home/adrian/Documentos/DatosMasivos/Unidad2/Evaluacion/examen.scala
WARN  no build tool detected in workspace '/home/adrian/Documentos/DatosMasivos/Unidad2/Evaluacion'. The most common cause for this problem is that the editor was opened in the wrong working directory, for example if you use sbt then the workspace directory should contain build.sbt. 
WARN  no build tool detected in workspace '/home/adrian/Documentos/DatosMasivos/Unidad2/Evaluacion'. The most common cause for this problem is that the editor was opened in the wrong working directory, for example if you use sbt then the workspace directory should contain build.sbt. 
WARN  no build target: /home/adrian/Documentos/DatosMasivos/Unidad2/Evaluacion/examen.scala
WARN  no build target: /home/adrian/Documentos/DatosMasivos/Unidad2/Evaluacion/examen.scala
WARN  no build target: /home/adrian/Documentos/DatosMasivos/Unidad2/Evaluacion/examen.scala
WARN  no build target: /home/adrian/Documentos/DatosMasivos/Unidad2/Evaluacion/examen.scala
INFO  shutting down Metals
INFO  time: initialize in 1.24s
WARN  no build tool detected in workspace '/home/adrian/Documentos/DatosMasivos/Unidad2/Evaluacion'. The most common cause for this problem is that the editor was opened in the wrong working directory, for example if you use sbt then the workspace directory should contain build.sbt. 
WARN  no build target: /home/adrian/Documentos/DatosMasivos/Unidad2/Evaluacion/examen.scala
INFO  no build target: using presentation compiler with only scala-library
nov 13, 2019 9:43:51 PM org.eclipse.lsp4j.jsonrpc.RemoteEndpoint handleCancellation
ADVERTENCIA: Unmatched cancel notification for request id 58
nov 13, 2019 9:45:55 PM org.eclipse.lsp4j.jsonrpc.RemoteEndpoint handleCancellation
ADVERTENCIA: Unmatched cancel notification for request id 127
WARN  no build target: /home/adrian/Documentos/DatosMasivos/Unidad2/Evaluacion/examen.scala
WARN  no build target: /home/adrian/Documentos/DatosMasivos/Unidad2/Evaluacion/examen.scala
WARN  no build target: /home/adrian/Documentos/DatosMasivos/Unidad2/Evaluacion/examen.scala
WARN  no build tool detected in workspace '/home/adrian/Documentos/DatosMasivos/Unidad2/Evaluacion'. The most common cause for this problem is that the editor was opened in the wrong working directory, for example if you use sbt then the workspace directory should contain build.sbt. 
WARN  no build tool detected in workspace '/home/adrian/Documentos/DatosMasivos/Unidad2/Evaluacion'. The most common cause for this problem is that the editor was opened in the wrong working directory, for example if you use sbt then the workspace directory should contain build.sbt. 
WARN  no build target: /home/adrian/Documentos/DatosMasivos/Unidad2/Evaluacion/examen.scala
WARN  no build target: /home/adrian/Documentos/DatosMasivos/Unidad2/Evaluacion/examen.scala
WARN  no build target: /home/adrian/Documentos/DatosMasivos/Unidad2/Evaluacion/examen.scala
WARN  no build tool detected in workspace '/home/adrian/Documentos/DatosMasivos/Unidad2/Evaluacion'. The most common cause for this problem is that the editor was opened in the wrong working directory, for example if you use sbt then the workspace directory should contain build.sbt. 
WARN  no build tool detected in workspace '/home/adrian/Documentos/DatosMasivos/Unidad2/Evaluacion'. The most common cause for this problem is that the editor was opened in the wrong working directory, for example if you use sbt then the workspace directory should contain build.sbt. 
INFO  shutting down Metals
