INFO  time: initialize in 1.31s
WARN  no build tool detected in workspace '/home/adrian/Documentos/DatosMasivos/Practicas'. The most common cause for this problem is that the editor was opened in the wrong working directory, for example if you use sbt then the workspace directory should contain build.sbt. 
WARN  no build target: /home/adrian/Escritorio/Practicas-Scala/DataFrames.scala
WARN  no build target: /home/adrian/Documentos/DatosMasivos/Practicas/pratica4.scala
INFO  no build target: using presentation compiler with only scala-library
WARN  no build tool detected in workspace '/home/adrian/Documentos/DatosMasivos/Practicas'. The most common cause for this problem is that the editor was opened in the wrong working directory, for example if you use sbt then the workspace directory should contain build.sbt. 
WARN  no build tool detected in workspace '/home/adrian/Documentos/DatosMasivos/Practicas'. The most common cause for this problem is that the editor was opened in the wrong working directory, for example if you use sbt then the workspace directory should contain build.sbt. 
WARN  no build tool detected in workspace '/home/adrian/Documentos/DatosMasivos/Practicas'. The most common cause for this problem is that the editor was opened in the wrong working directory, for example if you use sbt then the workspace directory should contain build.sbt. 
WARN  no build tool detected in workspace '/home/adrian/Documentos/DatosMasivos/Practicas'. The most common cause for this problem is that the editor was opened in the wrong working directory, for example if you use sbt then the workspace directory should contain build.sbt. 
oct 04, 2019 7:11:12 PM org.eclipse.lsp4j.jsonrpc.RemoteEndpoint handleCancellation
ADVERTENCIA: Unmatched cancel notification for request id 155
oct 04, 2019 7:16:42 PM org.eclipse.lsp4j.jsonrpc.RemoteEndpoint handleCancellation
ADVERTENCIA: Unmatched cancel notification for request id 376
WARN  no build target: /home/adrian/Documentos/DatosMasivos/Practicas/pratica4.scala
WARN  no build target: /home/adrian/Documentos/DatosMasivos/Practicas/Pratica1.scala
WARN  no build target: /home/adrian/Documentos/DatosMasivos/Practicas/practica5.scala
WARN  no build target: /home/adrian/Documentos/DatosMasivos/Practicas/practica5.scala
WARN  no build target: /home/adrian/Documentos/DatosMasivos/Practicas/practica5.scala
WARN  no build target: /home/adrian/Documentos/DatosMasivos/Practicas/practica5.scala
WARN  no build target: /home/adrian/Documentos/DatosMasivos/Practicas/practica5.scala
WARN  no build target: /home/adrian/Documentos/DatosMasivos/Practicas/practica5.scala
WARN  no build tool detected in workspace '/home/adrian/Documentos/DatosMasivos/Practicas'. The most common cause for this problem is that the editor was opened in the wrong working directory, for example if you use sbt then the workspace directory should contain build.sbt. 
WARN  no build tool detected in workspace '/home/adrian/Documentos/DatosMasivos/Practicas'. The most common cause for this problem is that the editor was opened in the wrong working directory, for example if you use sbt then the workspace directory should contain build.sbt. 
WARN  no build target: /home/adrian/Documentos/DatosMasivos/Practicas/practica5.scala
